2022-09-09 14:42:01 |[044]test.py     | Noise level: 25
2022-09-09 14:42:01 |[046]test.py     | Loading model: ../experiment/adfnet_n25/model/model_best.pt Ensemble: False
2022-09-09 14:42:03 |[060]test.py     | Loading data info: Set12
2022-09-09 14:42:04 |[091]test.py     | 01.png: PSNR 30.4714  SSIM 0.8834
2022-09-09 14:42:04 |[091]test.py     | 02.png: PSNR 33.9540  SSIM 0.8725
2022-09-09 14:42:04 |[091]test.py     | 03.png: PSNR 31.2618  SSIM 0.8877
2022-09-09 14:42:04 |[091]test.py     | 04.png: PSNR 30.0879  SSIM 0.8807
2022-09-09 14:42:04 |[091]test.py     | 05.png: PSNR 30.8000  SSIM 0.9264
2022-09-09 14:42:04 |[091]test.py     | 06.png: PSNR 29.5227  SSIM 0.8785
2022-09-09 14:42:04 |[091]test.py     | 07.png: PSNR 29.6847  SSIM 0.8691
2022-09-09 14:42:05 |[091]test.py     | 08.png: PSNR 32.9468  SSIM 0.8821
2022-09-09 14:42:05 |[091]test.py     | 09.png: PSNR 31.2211  SSIM 0.9025
2022-09-09 14:42:05 |[091]test.py     | 10.png: PSNR 30.6039  SSIM 0.8241
2022-09-09 14:42:06 |[091]test.py     | 11.png: PSNR 30.2688  SSIM 0.8272
2022-09-09 14:42:06 |[091]test.py     | 12.png: PSNR 30.5267  SSIM 0.8468
2022-09-09 14:42:06 |[102]test.py     | 
PSNR on test data 30.945811, SSIM on test data 0.873407
2022-09-09 14:42:06 |[103]test.py     | Finish!

2022-09-09 14:42:49 |[044]test.py     | Noise level: 25
2022-09-09 14:42:49 |[046]test.py     | Loading model: ../experiment/adfnet_n25/model/model_best.pt Ensemble: False
2022-09-09 14:42:51 |[060]test.py     | Loading data info: BSD68
2022-09-09 14:42:52 |[091]test.py     | test001.png: PSNR 26.0433  SSIM 0.7384
2022-09-09 14:42:52 |[091]test.py     | test002.png: PSNR 30.4727  SSIM 0.8807
2022-09-09 14:42:52 |[091]test.py     | test003.png: PSNR 30.4505  SSIM 0.8756
2022-09-09 14:42:52 |[091]test.py     | test004.png: PSNR 31.0115  SSIM 0.8624
2022-09-09 14:42:53 |[091]test.py     | test005.png: PSNR 27.7241  SSIM 0.8237
2022-09-09 14:42:53 |[091]test.py     | test006.png: PSNR 33.3600  SSIM 0.9070
2022-09-09 14:42:53 |[091]test.py     | test007.png: PSNR 28.9962  SSIM 0.8333
2022-09-09 14:42:53 |[091]test.py     | test008.png: PSNR 26.4375  SSIM 0.7772
2022-09-09 14:42:53 |[091]test.py     | test009.png: PSNR 29.3136  SSIM 0.8464
2022-09-09 14:42:53 |[091]test.py     | test010.png: PSNR 29.9438  SSIM 0.8268
2022-09-09 14:42:53 |[091]test.py     | test011.png: PSNR 29.7158  SSIM 0.8957
2022-09-09 14:42:54 |[091]test.py     | test012.png: PSNR 28.6851  SSIM 0.7957
2022-09-09 14:42:54 |[091]test.py     | test013.png: PSNR 29.7797  SSIM 0.8288
2022-09-09 14:42:54 |[091]test.py     | test014.png: PSNR 31.2468  SSIM 0.8659
2022-09-09 14:42:54 |[091]test.py     | test015.png: PSNR 27.4590  SSIM 0.7905
2022-09-09 14:42:54 |[091]test.py     | test016.png: PSNR 28.5690  SSIM 0.8628
2022-09-09 14:42:54 |[091]test.py     | test017.png: PSNR 33.2875  SSIM 0.8772
2022-09-09 14:42:55 |[091]test.py     | test018.png: PSNR 33.5965  SSIM 0.9047
2022-09-09 14:42:55 |[091]test.py     | test019.png: PSNR 28.5688  SSIM 0.8309
2022-09-09 14:42:55 |[091]test.py     | test020.png: PSNR 29.2024  SSIM 0.8538
2022-09-09 14:42:55 |[091]test.py     | test021.png: PSNR 26.6978  SSIM 0.8807
2022-09-09 14:42:55 |[091]test.py     | test022.png: PSNR 27.5570  SSIM 0.8265
2022-09-09 14:42:55 |[091]test.py     | test023.png: PSNR 29.3866  SSIM 0.8800
2022-09-09 14:42:56 |[091]test.py     | test024.png: PSNR 28.9732  SSIM 0.8660
2022-09-09 14:42:56 |[091]test.py     | test025.png: PSNR 29.7370  SSIM 0.9185
2022-09-09 14:42:56 |[091]test.py     | test026.png: PSNR 28.8434  SSIM 0.8093
2022-09-09 14:42:56 |[091]test.py     | test027.png: PSNR 30.3187  SSIM 0.8387
2022-09-09 14:42:56 |[091]test.py     | test028.png: PSNR 33.5711  SSIM 0.8913
2022-09-09 14:42:56 |[091]test.py     | test029.png: PSNR 24.5974  SSIM 0.8426
2022-09-09 14:42:57 |[091]test.py     | test030.png: PSNR 30.1787  SSIM 0.8184
2022-09-09 14:42:57 |[091]test.py     | test031.png: PSNR 24.8117  SSIM 0.8199
2022-09-09 14:42:57 |[091]test.py     | test032.png: PSNR 26.8248  SSIM 0.8188
2022-09-09 14:42:57 |[091]test.py     | test033.png: PSNR 28.1266  SSIM 0.9008
2022-09-09 14:42:57 |[091]test.py     | test034.png: PSNR 34.0083  SSIM 0.8765
2022-09-09 14:42:57 |[091]test.py     | test035.png: PSNR 28.3992  SSIM 0.8124
2022-09-09 14:42:58 |[091]test.py     | test036.png: PSNR 27.7535  SSIM 0.5815
2022-09-09 14:42:58 |[091]test.py     | test037.png: PSNR 28.8373  SSIM 0.7978
2022-09-09 14:42:58 |[091]test.py     | test038.png: PSNR 29.4789  SSIM 0.8155
2022-09-09 14:42:58 |[091]test.py     | test039.png: PSNR 34.3599  SSIM 0.9360
2022-09-09 14:42:58 |[091]test.py     | test040.png: PSNR 29.7891  SSIM 0.8009
2022-09-09 14:42:58 |[091]test.py     | test041.png: PSNR 28.3073  SSIM 0.8317
2022-09-09 14:42:59 |[091]test.py     | test042.png: PSNR 30.0812  SSIM 0.8306
2022-09-09 14:42:59 |[091]test.py     | test043.png: PSNR 30.8190  SSIM 0.8960
2022-09-09 14:42:59 |[091]test.py     | test044.png: PSNR 28.4780  SSIM 0.8753
2022-09-09 14:42:59 |[091]test.py     | test045.png: PSNR 34.2597  SSIM 0.8855
2022-09-09 14:42:59 |[091]test.py     | test046.png: PSNR 26.6627  SSIM 0.7933
2022-09-09 14:42:59 |[091]test.py     | test047.png: PSNR 26.7739  SSIM 0.7909
2022-09-09 14:42:59 |[091]test.py     | test048.png: PSNR 30.5682  SSIM 0.9287
2022-09-09 14:43:00 |[091]test.py     | test049.png: PSNR 31.7168  SSIM 0.8251
2022-09-09 14:43:00 |[091]test.py     | test050.png: PSNR 27.0841  SSIM 0.7881
2022-09-09 14:43:00 |[091]test.py     | test051.png: PSNR 28.9657  SSIM 0.8238
2022-09-09 14:43:00 |[091]test.py     | test052.png: PSNR 32.4734  SSIM 0.8441
2022-09-09 14:43:00 |[091]test.py     | test053.png: PSNR 31.5094  SSIM 0.7928
2022-09-09 14:43:00 |[091]test.py     | test054.png: PSNR 29.5600  SSIM 0.8396
2022-09-09 14:43:01 |[091]test.py     | test055.png: PSNR 27.8488  SSIM 0.7991
2022-09-09 14:43:01 |[091]test.py     | test056.png: PSNR 24.1783  SSIM 0.7837
2022-09-09 14:43:01 |[091]test.py     | test057.png: PSNR 28.5096  SSIM 0.8250
2022-09-09 14:43:01 |[091]test.py     | test058.png: PSNR 31.1079  SSIM 0.7937
2022-09-09 14:43:01 |[091]test.py     | test059.png: PSNR 30.6559  SSIM 0.7960
2022-09-09 14:43:01 |[091]test.py     | test060.png: PSNR 31.3037  SSIM 0.8103
2022-09-09 14:43:02 |[091]test.py     | test061.png: PSNR 30.4994  SSIM 0.8112
2022-09-09 14:43:02 |[091]test.py     | test062.png: PSNR 34.6645  SSIM 0.9411
2022-09-09 14:43:02 |[091]test.py     | test063.png: PSNR 26.7297  SSIM 0.8308
2022-09-09 14:43:02 |[091]test.py     | test064.png: PSNR 26.8712  SSIM 0.7306
2022-09-09 14:43:02 |[091]test.py     | test065.png: PSNR 29.1610  SSIM 0.8315
2022-09-09 14:43:02 |[091]test.py     | test066.png: PSNR 38.8831  SSIM 0.9710
2022-09-09 14:43:03 |[091]test.py     | test067.png: PSNR 24.8503  SSIM 0.8478
2022-09-09 14:43:03 |[091]test.py     | test068.png: PSNR 26.2993  SSIM 0.8652
2022-09-09 14:43:03 |[102]test.py     | 
PSNR on test data 29.484355, SSIM on test data 0.838123
2022-09-09 14:43:03 |[103]test.py     | Finish!

2022-09-09 14:43:20 |[044]test.py     | Noise level: 25
2022-09-09 14:43:20 |[046]test.py     | Loading model: ../experiment/adfnet_n25/model/model_best.pt Ensemble: False
2022-09-09 14:43:22 |[060]test.py     | Loading data info: Urban100
2022-09-09 14:43:23 |[091]test.py     | img_001.png: PSNR 31.0749  SSIM 0.8360
2022-09-09 14:43:24 |[091]test.py     | img_002.png: PSNR 30.8348  SSIM 0.9210
2022-09-09 14:43:24 |[091]test.py     | img_003.png: PSNR 28.0417  SSIM 0.8534
2022-09-09 14:43:25 |[091]test.py     | img_004.png: PSNR 31.3325  SSIM 0.9422
2022-09-09 14:43:25 |[091]test.py     | img_005.png: PSNR 35.3750  SSIM 0.9726
2022-09-09 14:43:26 |[091]test.py     | img_006.png: PSNR 28.4270  SSIM 0.8792
2022-09-09 14:43:27 |[091]test.py     | img_007.png: PSNR 31.0107  SSIM 0.9003
2022-09-09 14:43:28 |[091]test.py     | img_008.png: PSNR 27.7439  SSIM 0.9066
2022-09-09 14:43:28 |[091]test.py     | img_009.png: PSNR 37.7533  SSIM 0.9544
2022-09-09 14:43:29 |[091]test.py     | img_010.png: PSNR 33.9614  SSIM 0.9311
2022-09-09 14:43:30 |[091]test.py     | img_011.png: PSNR 34.1649  SSIM 0.9323
2022-09-09 14:43:30 |[091]test.py     | img_012.png: PSNR 29.7962  SSIM 0.9130
2022-09-09 14:43:31 |[091]test.py     | img_013.png: PSNR 31.7416  SSIM 0.8991
2022-09-09 14:43:32 |[091]test.py     | img_014.png: PSNR 29.0399  SSIM 0.9148
2022-09-09 14:43:33 |[091]test.py     | img_015.png: PSNR 29.6288  SSIM 0.8074
2022-09-09 14:43:34 |[091]test.py     | img_016.png: PSNR 34.9306  SSIM 0.9319
2022-09-09 14:43:34 |[091]test.py     | img_017.png: PSNR 30.8440  SSIM 0.9371
2022-09-09 14:43:35 |[091]test.py     | img_018.png: PSNR 27.7225  SSIM 0.8267
2022-09-09 14:43:36 |[091]test.py     | img_019.png: PSNR 30.0447  SSIM 0.9222
2022-09-09 14:43:37 |[091]test.py     | img_020.png: PSNR 27.1571  SSIM 0.8900
2022-09-09 14:43:38 |[091]test.py     | img_021.png: PSNR 31.1662  SSIM 0.8256
2022-09-09 14:43:38 |[091]test.py     | img_022.png: PSNR 29.6318  SSIM 0.8948
2022-09-09 14:43:39 |[091]test.py     | img_023.png: PSNR 33.0498  SSIM 0.9486
2022-09-09 14:43:40 |[091]test.py     | img_024.png: PSNR 30.6011  SSIM 0.9552
2022-09-09 14:43:41 |[091]test.py     | img_025.png: PSNR 34.3424  SSIM 0.9088
2022-09-09 14:43:41 |[091]test.py     | img_026.png: PSNR 32.3331  SSIM 0.8431
2022-09-09 14:43:42 |[091]test.py     | img_027.png: PSNR 31.6778  SSIM 0.8830
2022-09-09 14:43:43 |[091]test.py     | img_028.png: PSNR 34.1461  SSIM 0.9040
2022-09-09 14:43:43 |[091]test.py     | img_029.png: PSNR 32.1793  SSIM 0.9270
2022-09-09 14:43:44 |[091]test.py     | img_030.png: PSNR 30.4633  SSIM 0.9440
2022-09-09 14:43:45 |[091]test.py     | img_031.png: PSNR 28.6632  SSIM 0.9068
2022-09-09 14:43:45 |[091]test.py     | img_032.png: PSNR 32.2954  SSIM 0.9244
2022-09-09 14:43:46 |[091]test.py     | img_033.png: PSNR 32.6073  SSIM 0.9111
2022-09-09 14:43:46 |[091]test.py     | img_034.png: PSNR 26.8746  SSIM 0.8327
2022-09-09 14:43:47 |[091]test.py     | img_035.png: PSNR 32.6999  SSIM 0.9294
2022-09-09 14:43:48 |[091]test.py     | img_036.png: PSNR 33.2837  SSIM 0.9175
2022-09-09 14:43:48 |[091]test.py     | img_037.png: PSNR 29.2489  SSIM 0.8723
2022-09-09 14:43:49 |[091]test.py     | img_038.png: PSNR 29.5917  SSIM 0.8044
2022-09-09 14:43:50 |[091]test.py     | img_039.png: PSNR 30.3667  SSIM 0.9394
2022-09-09 14:43:50 |[091]test.py     | img_040.png: PSNR 34.9267  SSIM 0.9753
2022-09-09 14:43:51 |[091]test.py     | img_041.png: PSNR 30.9395  SSIM 0.9378
2022-09-09 14:43:52 |[091]test.py     | img_042.png: PSNR 33.8388  SSIM 0.9508
2022-09-09 14:43:52 |[091]test.py     | img_043.png: PSNR 34.1550  SSIM 0.9169
2022-09-09 14:43:53 |[091]test.py     | img_044.png: PSNR 35.0916  SSIM 0.9594
2022-09-09 14:43:54 |[091]test.py     | img_045.png: PSNR 31.4787  SSIM 0.9517
2022-09-09 14:43:54 |[091]test.py     | img_046.png: PSNR 31.0533  SSIM 0.9444
2022-09-09 14:43:55 |[091]test.py     | img_047.png: PSNR 29.2234  SSIM 0.9433
2022-09-09 14:43:56 |[091]test.py     | img_048.png: PSNR 28.9263  SSIM 0.9611
2022-09-09 14:43:56 |[091]test.py     | img_049.png: PSNR 29.2706  SSIM 0.9015
2022-09-09 14:43:57 |[091]test.py     | img_050.png: PSNR 29.0040  SSIM 0.8869
2022-09-09 14:43:57 |[091]test.py     | img_051.png: PSNR 30.5777  SSIM 0.9069
2022-09-09 14:43:58 |[091]test.py     | img_052.png: PSNR 34.2043  SSIM 0.9530
2022-09-09 14:43:59 |[091]test.py     | img_053.png: PSNR 28.5427  SSIM 0.9143
2022-09-09 14:43:59 |[091]test.py     | img_054.png: PSNR 27.3147  SSIM 0.8953
2022-09-09 14:44:00 |[091]test.py     | img_055.png: PSNR 35.1109  SSIM 0.9466
2022-09-09 14:44:01 |[091]test.py     | img_056.png: PSNR 30.1311  SSIM 0.9205
2022-09-09 14:44:01 |[091]test.py     | img_057.png: PSNR 32.8932  SSIM 0.9161
2022-09-09 14:44:02 |[091]test.py     | img_058.png: PSNR 32.1530  SSIM 0.9584
2022-09-09 14:44:03 |[091]test.py     | img_059.png: PSNR 32.5852  SSIM 0.9210
2022-09-09 14:44:03 |[091]test.py     | img_060.png: PSNR 27.9274  SSIM 0.8835
2022-09-09 14:44:04 |[091]test.py     | img_061.png: PSNR 30.2232  SSIM 0.9342
2022-09-09 14:44:04 |[091]test.py     | img_062.png: PSNR 30.8966  SSIM 0.9467
2022-09-09 14:44:05 |[091]test.py     | img_063.png: PSNR 26.4139  SSIM 0.7523
2022-09-09 14:44:06 |[091]test.py     | img_064.png: PSNR 30.8910  SSIM 0.9157
2022-09-09 14:44:07 |[091]test.py     | img_065.png: PSNR 30.6551  SSIM 0.9203
2022-09-09 14:44:07 |[091]test.py     | img_066.png: PSNR 28.3649  SSIM 0.8444
2022-09-09 14:44:08 |[091]test.py     | img_067.png: PSNR 34.0080  SSIM 0.9729
2022-09-09 14:44:09 |[091]test.py     | img_068.png: PSNR 33.7098  SSIM 0.9391
2022-09-09 14:44:10 |[091]test.py     | img_069.png: PSNR 29.2644  SSIM 0.8951
2022-09-09 14:44:11 |[091]test.py     | img_070.png: PSNR 26.6414  SSIM 0.8567
2022-09-09 14:44:11 |[091]test.py     | img_071.png: PSNR 29.4063  SSIM 0.7550
2022-09-09 14:44:12 |[091]test.py     | img_072.png: PSNR 29.3797  SSIM 0.9690
2022-09-09 14:44:13 |[091]test.py     | img_073.png: PSNR 26.6217  SSIM 0.8890
2022-09-09 14:44:13 |[091]test.py     | img_074.png: PSNR 29.9467  SSIM 0.9414
2022-09-09 14:44:14 |[091]test.py     | img_075.png: PSNR 34.7424  SSIM 0.9064
2022-09-09 14:44:15 |[091]test.py     | img_076.png: PSNR 29.0626  SSIM 0.9128
2022-09-09 14:44:15 |[091]test.py     | img_077.png: PSNR 27.2752  SSIM 0.8713
2022-09-09 14:44:16 |[091]test.py     | img_078.png: PSNR 31.8195  SSIM 0.8669
2022-09-09 14:44:17 |[091]test.py     | img_079.png: PSNR 29.2590  SSIM 0.8473
2022-09-09 14:44:17 |[091]test.py     | img_080.png: PSNR 36.8784  SSIM 0.9529
2022-09-09 14:44:18 |[091]test.py     | img_081.png: PSNR 37.9113  SSIM 0.9620
2022-09-09 14:44:19 |[091]test.py     | img_082.png: PSNR 34.7887  SSIM 0.9403
2022-09-09 14:44:20 |[091]test.py     | img_083.png: PSNR 28.5760  SSIM 0.9114
2022-09-09 14:44:21 |[091]test.py     | img_084.png: PSNR 30.7942  SSIM 0.8694
2022-09-09 14:44:22 |[091]test.py     | img_085.png: PSNR 32.8534  SSIM 0.9572
2022-09-09 14:44:23 |[091]test.py     | img_086.png: PSNR 33.7659  SSIM 0.9357
2022-09-09 14:44:24 |[091]test.py     | img_087.png: PSNR 34.0397  SSIM 0.9472
2022-09-09 14:44:24 |[091]test.py     | img_088.png: PSNR 26.0711  SSIM 0.8750
2022-09-09 14:44:25 |[091]test.py     | img_089.png: PSNR 29.6665  SSIM 0.8843
2022-09-09 14:44:26 |[091]test.py     | img_090.png: PSNR 38.7059  SSIM 0.9747
2022-09-09 14:44:26 |[091]test.py     | img_091.png: PSNR 27.4269  SSIM 0.8528
2022-09-09 14:44:27 |[091]test.py     | img_092.png: PSNR 28.1002  SSIM 0.8785
2022-09-09 14:44:28 |[091]test.py     | img_093.png: PSNR 33.7446  SSIM 0.9349
2022-09-09 14:44:28 |[091]test.py     | img_094.png: PSNR 31.0905  SSIM 0.8686
2022-09-09 14:44:29 |[091]test.py     | img_095.png: PSNR 25.2471  SSIM 0.8357
2022-09-09 14:44:30 |[091]test.py     | img_096.png: PSNR 32.7766  SSIM 0.9672
2022-09-09 14:44:30 |[091]test.py     | img_097.png: PSNR 29.8691  SSIM 0.9153
2022-09-09 14:44:31 |[091]test.py     | img_098.png: PSNR 26.4299  SSIM 0.8636
2022-09-09 14:44:32 |[091]test.py     | img_099.png: PSNR 30.8810  SSIM 0.9207
2022-09-09 14:44:33 |[091]test.py     | img_100.png: PSNR 31.3121  SSIM 0.9036
2022-09-09 14:44:33 |[102]test.py     | 
PSNR on test data 31.047061, SSIM on test data 0.907761
2022-09-09 14:44:33 |[103]test.py     | Finish!

2022-09-09 14:46:46 |[044]test.py     | Noise level: 15
2022-09-09 14:46:46 |[046]test.py     | Loading model: ../experiment/adfnet_n15/model/model_best.pt Ensemble: False
2022-09-09 14:46:48 |[060]test.py     | Loading data info: Set12
2022-09-09 14:46:49 |[091]test.py     | 01.png: PSNR 32.8631  SSIM 0.9179
2022-09-09 14:46:49 |[091]test.py     | 02.png: PSNR 35.7488  SSIM 0.9034
2022-09-09 14:46:49 |[091]test.py     | 03.png: PSNR 33.6119  SSIM 0.9169
2022-09-09 14:46:49 |[091]test.py     | 04.png: PSNR 32.6079  SSIM 0.9209
2022-09-09 14:46:49 |[091]test.py     | 05.png: PSNR 33.5305  SSIM 0.9525
2022-09-09 14:46:49 |[091]test.py     | 06.png: PSNR 32.0906  SSIM 0.9137
2022-09-09 14:46:49 |[091]test.py     | 07.png: PSNR 32.0892  SSIM 0.9103
2022-09-09 14:46:49 |[091]test.py     | 08.png: PSNR 34.9241  SSIM 0.9075
2022-09-09 14:46:50 |[091]test.py     | 09.png: PSNR 33.4612  SSIM 0.9305
2022-09-09 14:46:50 |[091]test.py     | 10.png: PSNR 32.7618  SSIM 0.8706
2022-09-09 14:46:50 |[091]test.py     | 11.png: PSNR 32.5868  SSIM 0.8840
2022-09-09 14:46:50 |[091]test.py     | 12.png: PSNR 32.7620  SSIM 0.8913
2022-09-09 14:46:50 |[102]test.py     | 
PSNR on test data 33.253160, SSIM on test data 0.909961
2022-09-09 14:46:50 |[103]test.py     | Finish!

2022-09-09 14:47:11 |[044]test.py     | Noise level: 15
2022-09-09 14:47:11 |[046]test.py     | Loading model: ../experiment/adfnet_n15/model/model_best.pt Ensemble: False
2022-09-09 14:47:13 |[060]test.py     | Loading data info: BSD68
2022-09-09 14:47:14 |[091]test.py     | test001.png: PSNR 28.4829  SSIM 0.8348
2022-09-09 14:47:14 |[091]test.py     | test002.png: PSNR 32.9428  SSIM 0.9239
2022-09-09 14:47:14 |[091]test.py     | test003.png: PSNR 32.8354  SSIM 0.9074
2022-09-09 14:47:14 |[091]test.py     | test004.png: PSNR 33.5876  SSIM 0.9143
2022-09-09 14:47:14 |[091]test.py     | test005.png: PSNR 30.3127  SSIM 0.8960
2022-09-09 14:47:14 |[091]test.py     | test006.png: PSNR 35.5062  SSIM 0.9367
2022-09-09 14:47:15 |[091]test.py     | test007.png: PSNR 31.5489  SSIM 0.8958
2022-09-09 14:47:15 |[091]test.py     | test008.png: PSNR 29.1802  SSIM 0.8670
2022-09-09 14:47:15 |[091]test.py     | test009.png: PSNR 31.8015  SSIM 0.9041
2022-09-09 14:47:15 |[091]test.py     | test010.png: PSNR 32.3662  SSIM 0.8883
2022-09-09 14:47:15 |[091]test.py     | test011.png: PSNR 32.2872  SSIM 0.9334
2022-09-09 14:47:16 |[091]test.py     | test012.png: PSNR 31.1919  SSIM 0.8699
2022-09-09 14:47:16 |[091]test.py     | test013.png: PSNR 32.2275  SSIM 0.8931
2022-09-09 14:47:16 |[091]test.py     | test014.png: PSNR 33.5603  SSIM 0.9053
2022-09-09 14:47:16 |[091]test.py     | test015.png: PSNR 30.0734  SSIM 0.8640
2022-09-09 14:47:16 |[091]test.py     | test016.png: PSNR 31.3051  SSIM 0.9137
2022-09-09 14:47:16 |[091]test.py     | test017.png: PSNR 35.2442  SSIM 0.9138
2022-09-09 14:47:17 |[091]test.py     | test018.png: PSNR 35.7434  SSIM 0.9339
2022-09-09 14:47:17 |[091]test.py     | test019.png: PSNR 31.0162  SSIM 0.8914
2022-09-09 14:47:17 |[091]test.py     | test020.png: PSNR 31.7843  SSIM 0.8992
2022-09-09 14:47:17 |[091]test.py     | test021.png: PSNR 29.6185  SSIM 0.9278
2022-09-09 14:47:17 |[091]test.py     | test022.png: PSNR 30.1274  SSIM 0.8940
2022-09-09 14:47:17 |[091]test.py     | test023.png: PSNR 32.2002  SSIM 0.9260
2022-09-09 14:47:18 |[091]test.py     | test024.png: PSNR 31.6250  SSIM 0.9162
2022-09-09 14:47:18 |[091]test.py     | test025.png: PSNR 32.4121  SSIM 0.9516
2022-09-09 14:47:18 |[091]test.py     | test026.png: PSNR 31.1784  SSIM 0.8735
2022-09-09 14:47:18 |[091]test.py     | test027.png: PSNR 32.7282  SSIM 0.8918
2022-09-09 14:47:18 |[091]test.py     | test028.png: PSNR 35.8344  SSIM 0.9237
2022-09-09 14:47:18 |[091]test.py     | test029.png: PSNR 27.6969  SSIM 0.9172
2022-09-09 14:47:19 |[091]test.py     | test030.png: PSNR 32.6161  SSIM 0.8826
2022-09-09 14:47:19 |[091]test.py     | test031.png: PSNR 27.7117  SSIM 0.9040
2022-09-09 14:47:19 |[091]test.py     | test032.png: PSNR 29.5428  SSIM 0.8979
2022-09-09 14:47:19 |[091]test.py     | test033.png: PSNR 30.8830  SSIM 0.9398
2022-09-09 14:47:19 |[091]test.py     | test034.png: PSNR 35.7228  SSIM 0.9002
2022-09-09 14:47:19 |[091]test.py     | test035.png: PSNR 30.7663  SSIM 0.8803
2022-09-09 14:47:20 |[091]test.py     | test036.png: PSNR 29.3817  SSIM 0.7179
2022-09-09 14:47:20 |[091]test.py     | test037.png: PSNR 30.9514  SSIM 0.8699
2022-09-09 14:47:20 |[091]test.py     | test038.png: PSNR 31.9740  SSIM 0.8848
2022-09-09 14:47:20 |[091]test.py     | test039.png: PSNR 37.0377  SSIM 0.9570
2022-09-09 14:47:20 |[091]test.py     | test040.png: PSNR 31.9509  SSIM 0.8544
2022-09-09 14:47:20 |[091]test.py     | test041.png: PSNR 30.7502  SSIM 0.8969
2022-09-09 14:47:21 |[091]test.py     | test042.png: PSNR 32.4562  SSIM 0.8826
2022-09-09 14:47:21 |[091]test.py     | test043.png: PSNR 33.4631  SSIM 0.9333
2022-09-09 14:47:21 |[091]test.py     | test044.png: PSNR 31.1075  SSIM 0.9259
2022-09-09 14:47:21 |[091]test.py     | test045.png: PSNR 36.2923  SSIM 0.9204
2022-09-09 14:47:21 |[091]test.py     | test046.png: PSNR 29.2977  SSIM 0.8696
2022-09-09 14:47:21 |[091]test.py     | test047.png: PSNR 29.4333  SSIM 0.8793
2022-09-09 14:47:22 |[091]test.py     | test048.png: PSNR 33.3363  SSIM 0.9553
2022-09-09 14:47:22 |[091]test.py     | test049.png: PSNR 33.6033  SSIM 0.8673
2022-09-09 14:47:22 |[091]test.py     | test050.png: PSNR 29.5610  SSIM 0.8704
2022-09-09 14:47:22 |[091]test.py     | test051.png: PSNR 31.3735  SSIM 0.8851
2022-09-09 14:47:22 |[091]test.py     | test052.png: PSNR 34.2881  SSIM 0.8842
2022-09-09 14:47:22 |[091]test.py     | test053.png: PSNR 33.3704  SSIM 0.8523
2022-09-09 14:47:23 |[091]test.py     | test054.png: PSNR 32.0381  SSIM 0.8930
2022-09-09 14:47:23 |[091]test.py     | test055.png: PSNR 30.4188  SSIM 0.8756
2022-09-09 14:47:23 |[091]test.py     | test056.png: PSNR 27.0786  SSIM 0.8887
2022-09-09 14:47:23 |[091]test.py     | test057.png: PSNR 30.9424  SSIM 0.8972
2022-09-09 14:47:23 |[091]test.py     | test058.png: PSNR 32.7814  SSIM 0.8467
2022-09-09 14:47:23 |[091]test.py     | test059.png: PSNR 32.5566  SSIM 0.8562
2022-09-09 14:47:24 |[091]test.py     | test060.png: PSNR 33.2611  SSIM 0.8633
2022-09-09 14:47:24 |[091]test.py     | test061.png: PSNR 32.7813  SSIM 0.8683
2022-09-09 14:47:24 |[091]test.py     | test062.png: PSNR 36.9916  SSIM 0.9557
2022-09-09 14:47:24 |[091]test.py     | test063.png: PSNR 29.5226  SSIM 0.9044
2022-09-09 14:47:24 |[091]test.py     | test064.png: PSNR 29.1393  SSIM 0.8296
2022-09-09 14:47:24 |[091]test.py     | test065.png: PSNR 31.5830  SSIM 0.8910
2022-09-09 14:47:25 |[091]test.py     | test066.png: PSNR 41.2322  SSIM 0.9764
2022-09-09 14:47:25 |[091]test.py     | test067.png: PSNR 27.6918  SSIM 0.9161
2022-09-09 14:47:25 |[091]test.py     | test068.png: PSNR 29.2383  SSIM 0.9265
2022-09-09 14:47:25 |[102]test.py     | 
PSNR on test data 31.919817, SSIM on test data 0.895707
2022-09-09 14:47:25 |[103]test.py     | Finish!

2022-09-09 14:47:42 |[044]test.py     | Noise level: 15
2022-09-09 14:47:42 |[046]test.py     | Loading model: ../experiment/adfnet_n15/model/model_best.pt Ensemble: False
2022-09-09 14:47:45 |[060]test.py     | Loading data info: Urban100
2022-09-09 14:47:46 |[091]test.py     | img_001.png: PSNR 33.0765  SSIM 0.8853
2022-09-09 14:47:46 |[091]test.py     | img_002.png: PSNR 32.9896  SSIM 0.9443
2022-09-09 14:47:47 |[091]test.py     | img_003.png: PSNR 30.6459  SSIM 0.9077
2022-09-09 14:47:47 |[091]test.py     | img_004.png: PSNR 33.9666  SSIM 0.9625
2022-09-09 14:47:48 |[091]test.py     | img_005.png: PSNR 37.8696  SSIM 0.9787
2022-09-09 14:47:49 |[091]test.py     | img_006.png: PSNR 30.8356  SSIM 0.9221
2022-09-09 14:47:50 |[091]test.py     | img_007.png: PSNR 33.5274  SSIM 0.9370
2022-09-09 14:47:50 |[091]test.py     | img_008.png: PSNR 30.6129  SSIM 0.9489
2022-09-09 14:47:51 |[091]test.py     | img_009.png: PSNR 39.9962  SSIM 0.9677
2022-09-09 14:47:52 |[091]test.py     | img_010.png: PSNR 36.0684  SSIM 0.9446
2022-09-09 14:47:52 |[091]test.py     | img_011.png: PSNR 35.8245  SSIM 0.9432
2022-09-09 14:47:53 |[091]test.py     | img_012.png: PSNR 32.3483  SSIM 0.9450
2022-09-09 14:47:54 |[091]test.py     | img_013.png: PSNR 34.1537  SSIM 0.9316
2022-09-09 14:47:55 |[091]test.py     | img_014.png: PSNR 31.7698  SSIM 0.9477
2022-09-09 14:48:03 |[091]test.py     | img_024.png: PSNR 33.0838  SSIM 0.9713
2022-09-09 14:48:03 |[091]test.py     | img_025.png: PSNR 36.0398  SSIM 0.9283
2022-09-09 14:48:04 |[091]test.py     | img_026.png: PSNR 33.9627  SSIM 0.8799
2022-09-09 14:48:05 |[091]test.py     | img_027.png: PSNR 33.8507  SSIM 0.9156
2022-09-09 14:48:05 |[091]test.py     | img_028.png: PSNR 35.8398  SSIM 0.9244
2022-09-09 14:48:06 |[091]test.py     | img_029.png: PSNR 34.8688  SSIM 0.9513
2022-09-09 14:48:07 |[091]test.py     | img_030.png: PSNR 33.1675  SSIM 0.9658
2022-09-09 14:48:07 |[091]test.py     | img_031.png: PSNR 31.6387  SSIM 0.9414
2022-09-09 14:48:08 |[091]test.py     | img_032.png: PSNR 34.5156  SSIM 0.9485
2022-09-09 14:48:09 |[091]test.py     | img_033.png: PSNR 35.0164  SSIM 0.9414
2022-09-09 14:48:09 |[091]test.py     | img_034.png: PSNR 29.5164  SSIM 0.9070
2022-09-09 14:48:10 |[091]test.py     | img_035.png: PSNR 34.6589  SSIM 0.9470
2022-09-09 14:48:10 |[091]test.py     | img_036.png: PSNR 35.6878  SSIM 0.9377
2022-09-09 14:48:11 |[091]test.py     | img_037.png: PSNR 31.9255  SSIM 0.9155
2022-09-09 14:48:12 |[091]test.py     | img_038.png: PSNR 31.4203  SSIM 0.8570
2022-09-09 14:48:13 |[091]test.py     | img_039.png: PSNR 32.9060  SSIM 0.9583
2022-09-09 14:48:13 |[091]test.py     | img_040.png: PSNR 37.2100  SSIM 0.9828
2022-09-09 14:48:14 |[091]test.py     | img_041.png: PSNR 33.6840  SSIM 0.9564
2022-09-09 14:48:14 |[091]test.py     | img_042.png: PSNR 36.4826  SSIM 0.9689
2022-09-09 14:48:15 |[091]test.py     | img_043.png: PSNR 36.1106  SSIM 0.9374
2022-09-09 14:48:16 |[091]test.py     | img_044.png: PSNR 37.5397  SSIM 0.9742
2022-09-09 14:48:16 |[091]test.py     | img_045.png: PSNR 33.1062  SSIM 0.9639
2022-09-09 14:48:17 |[091]test.py     | img_046.png: PSNR 33.7370  SSIM 0.9637
2022-09-09 14:48:18 |[091]test.py     | img_047.png: PSNR 32.0268  SSIM 0.9634
2022-09-09 14:48:18 |[091]test.py     | img_048.png: PSNR 31.8073  SSIM 0.9730
2022-09-09 14:48:19 |[091]test.py     | img_049.png: PSNR 31.8954  SSIM 0.9347
2022-09-09 14:48:20 |[091]test.py     | img_050.png: PSNR 31.8698  SSIM 0.9307
2022-09-09 14:48:20 |[091]test.py     | img_051.png: PSNR 33.1878  SSIM 0.9366
2022-09-09 14:48:21 |[091]test.py     | img_052.png: PSNR 36.3948  SSIM 0.9641
2022-09-09 14:48:21 |[091]test.py     | img_053.png: PSNR 31.1487  SSIM 0.9451
2022-09-09 14:48:22 |[091]test.py     | img_054.png: PSNR 30.0089  SSIM 0.9341
2022-09-09 14:48:23 |[091]test.py     | img_055.png: PSNR 37.0371  SSIM 0.9585
2022-09-09 14:48:23 |[091]test.py     | img_056.png: PSNR 32.8277  SSIM 0.9514
2022-09-09 14:48:24 |[091]test.py     | img_057.png: PSNR 35.4668  SSIM 0.9455
2022-09-09 14:48:25 |[091]test.py     | img_058.png: PSNR 34.7845  SSIM 0.9744
2022-09-09 14:48:25 |[091]test.py     | img_059.png: PSNR 34.8219  SSIM 0.9465
2022-09-09 14:48:26 |[091]test.py     | img_060.png: PSNR 30.3858  SSIM 0.9301
2022-09-09 14:48:27 |[091]test.py     | img_061.png: PSNR 32.8774  SSIM 0.9606
2022-09-09 14:48:27 |[091]test.py     | img_062.png: PSNR 33.5032  SSIM 0.9670
2022-09-09 14:48:28 |[091]test.py     | img_063.png: PSNR 28.6737  SSIM 0.8207
2022-09-09 14:48:29 |[091]test.py     | img_064.png: PSNR 33.4795  SSIM 0.9500
2022-09-09 14:48:29 |[091]test.py     | img_065.png: PSNR 33.1074  SSIM 0.9505
2022-09-09 14:48:30 |[091]test.py     | img_066.png: PSNR 30.5014  SSIM 0.8887
2022-09-09 14:48:31 |[091]test.py     | img_067.png: PSNR 36.6099  SSIM 0.9798
2022-09-09 14:48:32 |[091]test.py     | img_068.png: PSNR 35.5442  SSIM 0.9540
2022-09-09 14:48:33 |[091]test.py     | img_069.png: PSNR 31.7354  SSIM 0.9292
2022-09-09 14:48:33 |[091]test.py     | img_070.png: PSNR 29.4279  SSIM 0.9130
2022-09-09 14:48:34 |[091]test.py     | img_071.png: PSNR 31.1270  SSIM 0.8235
2022-09-09 14:48:35 |[091]test.py     | img_072.png: PSNR 31.9900  SSIM 0.9801
2022-09-09 14:48:35 |[091]test.py     | img_073.png: PSNR 29.3523  SSIM 0.9365
2022-09-09 14:48:36 |[091]test.py     | img_074.png: PSNR 32.3361  SSIM 0.9615
2022-09-09 14:48:37 |[091]test.py     | img_075.png: PSNR 36.7324  SSIM 0.9305
2022-09-09 14:48:37 |[091]test.py     | img_076.png: PSNR 31.6441  SSIM 0.9442
2022-09-09 14:48:38 |[091]test.py     | img_077.png: PSNR 30.0967  SSIM 0.9223
2022-09-09 14:48:39 |[091]test.py     | img_078.png: PSNR 33.8914  SSIM 0.9041
2022-09-09 14:48:39 |[091]test.py     | img_079.png: PSNR 31.4806  SSIM 0.8938
2022-09-09 14:48:40 |[091]test.py     | img_080.png: PSNR 39.4771  SSIM 0.9683
2022-09-09 14:48:41 |[091]test.py     | img_081.png: PSNR 39.8020  SSIM 0.9720
2022-09-09 14:48:42 |[091]test.py     | img_082.png: PSNR 36.3457  SSIM 0.9485
2022-09-09 14:48:43 |[091]test.py     | img_083.png: PSNR 31.2606  SSIM 0.9437
2022-09-09 14:48:44 |[091]test.py     | img_084.png: PSNR 33.0142  SSIM 0.9122
2022-09-09 14:48:45 |[091]test.py     | img_085.png: PSNR 35.5886  SSIM 0.9723
2022-09-09 14:48:45 |[091]test.py     | img_086.png: PSNR 36.1639  SSIM 0.9565
2022-09-09 14:48:46 |[091]test.py     | img_087.png: PSNR 36.5748  SSIM 0.9625
2022-09-09 14:48:47 |[091]test.py     | img_088.png: PSNR 28.9834  SSIM 0.9277
2022-09-09 14:48:48 |[091]test.py     | img_089.png: PSNR 32.2453  SSIM 0.9309
2022-09-09 14:48:48 |[091]test.py     | img_090.png: PSNR 41.1777  SSIM 0.9817
2022-09-09 14:48:49 |[091]test.py     | img_091.png: PSNR 30.1325  SSIM 0.9069
2022-09-09 14:48:50 |[091]test.py     | img_092.png: PSNR 30.0511  SSIM 0.9057
2022-09-09 14:48:50 |[091]test.py     | img_093.png: PSNR 35.4712  SSIM 0.9462
2022-09-09 14:48:51 |[091]test.py     | img_094.png: PSNR 33.2943  SSIM 0.9051
2022-09-09 14:48:52 |[091]test.py     | img_095.png: PSNR 27.8030  SSIM 0.9064
2022-09-09 14:48:52 |[091]test.py     | img_096.png: PSNR 35.2354  SSIM 0.9781
2022-09-09 14:48:53 |[091]test.py     | img_097.png: PSNR 32.5055  SSIM 0.9485
2022-09-09 14:48:54 |[091]test.py     | img_098.png: PSNR 29.0520  SSIM 0.9195
2022-09-09 14:48:54 |[091]test.py     | img_099.png: PSNR 33.2156  SSIM 0.9497
2022-09-09 14:48:55 |[091]test.py     | img_100.png: PSNR 33.4952  SSIM 0.9305
2022-09-09 14:48:55 |[102]test.py     | 
PSNR on test data 33.428472, SSIM on test data 0.937789
2022-09-09 14:48:55 |[103]test.py     | Finish!

2022-09-09 14:49:00 |[044]test.py     | Noise level: 50
2022-09-09 14:49:00 |[046]test.py     | Loading model: ../experiment/adfnet_n50/model/model_best.pt Ensemble: False
2022-09-09 14:49:03 |[060]test.py     | Loading data info: Set12
2022-09-09 14:49:03 |[091]test.py     | 01.png: PSNR 27.4058  SSIM 0.8211
2022-09-09 14:49:03 |[091]test.py     | 02.png: PSNR 31.4257  SSIM 0.8433
2022-09-09 14:49:03 |[091]test.py     | 03.png: PSNR 27.8536  SSIM 0.8288
2022-09-09 14:49:03 |[091]test.py     | 04.png: PSNR 26.6109  SSIM 0.8043
2022-09-09 14:49:04 |[091]test.py     | 05.png: PSNR 27.3679  SSIM 0.8716
2022-09-09 14:49:04 |[091]test.py     | 06.png: PSNR 26.3217  SSIM 0.8126
2022-09-09 14:49:04 |[091]test.py     | 07.png: PSNR 26.8051  SSIM 0.8092
2022-09-09 14:49:04 |[091]test.py     | 08.png: PSNR 30.1292  SSIM 0.8370
2022-09-09 14:49:04 |[091]test.py     | 09.png: PSNR 28.0433  SSIM 0.8344
2022-09-09 14:49:05 |[091]test.py     | 10.png: PSNR 27.7087  SSIM 0.7429
2022-09-09 14:49:05 |[091]test.py     | 11.png: PSNR 27.4768  SSIM 0.7360
2022-09-09 14:49:05 |[091]test.py     | 12.png: PSNR 27.5724  SSIM 0.7642
2022-09-09 14:49:05 |[102]test.py     | 
PSNR on test data 27.893412, SSIM on test data 0.808803
2022-09-09 14:49:05 |[103]test.py     | Finish!

2022-09-09 14:49:07 |[044]test.py     | Noise level: 50
2022-09-09 14:49:07 |[046]test.py     | Loading model: ../experiment/adfnet_n50/model/model_best.pt Ensemble: False
2022-09-09 14:49:09 |[060]test.py     | Loading data info: BSD68
2022-09-09 14:49:10 |[091]test.py     | test001.png: PSNR 23.3203  SSIM 0.5868
2022-09-09 14:49:10 |[091]test.py     | test002.png: PSNR 27.6293  SSIM 0.8036
2022-09-09 14:49:10 |[091]test.py     | test003.png: PSNR 27.4155  SSIM 0.8189
2022-09-09 14:49:10 |[091]test.py     | test004.png: PSNR 27.9419  SSIM 0.7672
2022-09-09 14:49:10 |[091]test.py     | test005.png: PSNR 24.9344  SSIM 0.6974
2022-09-09 14:49:11 |[091]test.py     | test006.png: PSNR 30.8156  SSIM 0.8601
2022-09-09 14:49:11 |[091]test.py     | test007.png: PSNR 25.8577  SSIM 0.7223
2022-09-09 14:49:11 |[091]test.py     | test008.png: PSNR 23.3021  SSIM 0.6159
2022-09-09 14:49:11 |[091]test.py     | test009.png: PSNR 26.4178  SSIM 0.7478
2022-09-09 14:49:11 |[091]test.py     | test010.png: PSNR 27.0610  SSIM 0.7266
2022-09-09 14:49:11 |[091]test.py     | test011.png: PSNR 26.4378  SSIM 0.8165
2022-09-09 14:49:12 |[091]test.py     | test012.png: PSNR 25.6461  SSIM 0.6625
2022-09-09 14:49:12 |[091]test.py     | test013.png: PSNR 26.9282  SSIM 0.7166
2022-09-09 14:49:12 |[091]test.py     | test014.png: PSNR 28.3126  SSIM 0.7963
2022-09-09 14:49:12 |[091]test.py     | test015.png: PSNR 24.4519  SSIM 0.6660
2022-09-09 14:49:12 |[091]test.py     | test016.png: PSNR 25.0161  SSIM 0.7678
2022-09-09 14:49:12 |[091]test.py     | test017.png: PSNR 30.9630  SSIM 0.8255
2022-09-09 14:49:13 |[091]test.py     | test018.png: PSNR 31.1349  SSIM 0.8614
2022-09-09 14:49:13 |[091]test.py     | test019.png: PSNR 25.9210  SSIM 0.7365
2022-09-09 14:49:13 |[091]test.py     | test020.png: PSNR 26.1386  SSIM 0.7816
2022-09-09 14:49:13 |[091]test.py     | test021.png: PSNR 23.2082  SSIM 0.7821
2022-09-09 14:49:13 |[091]test.py     | test022.png: PSNR 24.4147  SSIM 0.6983
2022-09-09 14:49:14 |[091]test.py     | test023.png: PSNR 25.8988  SSIM 0.7819
2022-09-09 14:49:14 |[091]test.py     | test024.png: PSNR 25.6677  SSIM 0.7683
2022-09-09 14:49:14 |[091]test.py     | test025.png: PSNR 26.5686  SSIM 0.8526
2022-09-09 14:49:14 |[091]test.py     | test026.png: PSNR 26.0706  SSIM 0.7057
2022-09-09 14:49:14 |[091]test.py     | test027.png: PSNR 27.3876  SSIM 0.7458
2022-09-09 14:49:14 |[091]test.py     | test028.png: PSNR 30.8531  SSIM 0.8462
2022-09-09 14:49:15 |[091]test.py     | test029.png: PSNR 21.1709  SSIM 0.6862
2022-09-09 14:49:15 |[091]test.py     | test030.png: PSNR 27.2492  SSIM 0.7075
2022-09-09 14:49:15 |[091]test.py     | test031.png: PSNR 21.5095  SSIM 0.6337
2022-09-09 14:49:15 |[091]test.py     | test032.png: PSNR 23.6838  SSIM 0.6616
2022-09-09 14:49:15 |[091]test.py     | test033.png: PSNR 25.0894  SSIM 0.8240
2022-09-09 14:49:15 |[091]test.py     | test034.png: PSNR 31.4821  SSIM 0.8409
2022-09-09 14:49:16 |[091]test.py     | test035.png: PSNR 25.7316  SSIM 0.7083
2022-09-09 14:49:16 |[091]test.py     | test036.png: PSNR 26.4990  SSIM 0.4496
2022-09-09 14:49:16 |[091]test.py     | test037.png: PSNR 26.6297  SSIM 0.6870
2022-09-09 14:49:16 |[091]test.py     | test038.png: PSNR 26.4876  SSIM 0.6850
2022-09-09 14:49:16 |[091]test.py     | test039.png: PSNR 30.4249  SSIM 0.8839
2022-09-09 14:49:16 |[091]test.py     | test040.png: PSNR 26.9076  SSIM 0.7185
2022-09-09 14:49:17 |[091]test.py     | test041.png: PSNR 25.5011  SSIM 0.7232
2022-09-09 14:49:17 |[091]test.py     | test042.png: PSNR 27.0803  SSIM 0.7496
2022-09-09 14:49:17 |[091]test.py     | test043.png: PSNR 27.3977  SSIM 0.8279
2022-09-09 14:49:17 |[091]test.py     | test044.png: PSNR 25.3121  SSIM 0.7622
2022-09-09 14:49:17 |[091]test.py     | test045.png: PSNR 31.6344  SSIM 0.8218
2022-09-09 14:49:17 |[091]test.py     | test046.png: PSNR 23.4714  SSIM 0.6543
2022-09-09 14:49:18 |[091]test.py     | test047.png: PSNR 23.7760  SSIM 0.6225
2022-09-09 14:49:18 |[091]test.py     | test048.png: PSNR 26.8249  SSIM 0.8677
2022-09-09 14:49:18 |[091]test.py     | test049.png: PSNR 29.5769  SSIM 0.7741
2022-09-09 14:49:18 |[091]test.py     | test050.png: PSNR 24.4325  SSIM 0.6510
2022-09-09 14:49:18 |[091]test.py     | test051.png: PSNR 25.8338  SSIM 0.7304
2022-09-09 14:49:18 |[091]test.py     | test052.png: PSNR 30.2069  SSIM 0.7881
2022-09-09 14:49:19 |[091]test.py     | test053.png: PSNR 29.4935  SSIM 0.7160
2022-09-09 14:49:19 |[091]test.py     | test054.png: PSNR 26.4594  SSIM 0.7443
2022-09-09 14:49:19 |[091]test.py     | test055.png: PSNR 24.8112  SSIM 0.6653
2022-09-09 14:49:19 |[091]test.py     | test056.png: PSNR 21.2216  SSIM 0.5739
2022-09-09 14:49:19 |[091]test.py     | test057.png: PSNR 25.9818  SSIM 0.7049
2022-09-09 14:49:19 |[091]test.py     | test058.png: PSNR 29.3672  SSIM 0.7267
2022-09-09 14:49:20 |[091]test.py     | test059.png: PSNR 28.6672  SSIM 0.7200
2022-09-09 14:49:20 |[091]test.py     | test060.png: PSNR 29.0776  SSIM 0.7415
2022-09-09 14:49:20 |[091]test.py     | test061.png: PSNR 27.8424  SSIM 0.7317
2022-09-09 14:49:20 |[091]test.py     | test062.png: PSNR 31.4744  SSIM 0.9179
2022-09-09 14:49:20 |[091]test.py     | test063.png: PSNR 23.5482  SSIM 0.6843
2022-09-09 14:49:20 |[091]test.py     | test064.png: PSNR 24.4126  SSIM 0.5782
2022-09-09 14:49:21 |[091]test.py     | test065.png: PSNR 26.3416  SSIM 0.7345
2022-09-09 14:49:21 |[091]test.py     | test066.png: PSNR 35.5576  SSIM 0.9614
2022-09-09 14:49:21 |[091]test.py     | test067.png: PSNR 21.6266  SSIM 0.7080
2022-09-09 14:49:21 |[091]test.py     | test068.png: PSNR 23.0900  SSIM 0.7393
2022-09-09 14:49:21 |[102]test.py     | 
PSNR on test data 26.597076, SSIM on test data 0.739195
2022-09-09 14:49:21 |[103]test.py     | Finish!

2022-09-09 14:49:30 |[044]test.py     | Noise level: 50
2022-09-09 14:49:30 |[046]test.py     | Loading model: ../experiment/adfnet_n50/model/model_best.pt Ensemble: False
2022-09-09 14:49:32 |[060]test.py     | Loading data info: Urban100
2022-09-09 14:49:33 |[091]test.py     | img_001.png: PSNR 28.2080  SSIM 0.7432
2022-09-09 14:49:34 |[091]test.py     | img_002.png: PSNR 27.6260  SSIM 0.8645
2022-09-09 14:49:35 |[091]test.py     | img_003.png: PSNR 24.8362  SSIM 0.7416
2022-09-09 14:49:35 |[091]test.py     | img_004.png: PSNR 27.7397  SSIM 0.8991
2022-09-09 14:49:36 |[091]test.py     | img_005.png: PSNR 31.4151  SSIM 0.9560
2022-09-09 14:49:37 |[091]test.py     | img_006.png: PSNR 25.1289  SSIM 0.7753
2022-09-09 14:49:37 |[091]test.py     | img_007.png: PSNR 27.7882  SSIM 0.8300
2022-09-09 14:49:38 |[091]test.py     | img_008.png: PSNR 24.3539  SSIM 0.8071
2022-09-09 14:49:39 |[091]test.py     | img_009.png: PSNR 34.6620  SSIM 0.9321
2022-09-09 14:49:39 |[091]test.py     | img_010.png: PSNR 30.5862  SSIM 0.9056
2022-09-09 14:49:40 |[091]test.py     | img_011.png: PSNR 31.3367  SSIM 0.9110
2022-09-09 14:49:41 |[091]test.py     | img_012.png: PSNR 26.4267  SSIM 0.8347
2022-09-09 14:49:41 |[091]test.py     | img_013.png: PSNR 28.4251  SSIM 0.8279
2022-09-09 14:49:42 |[091]test.py     | img_014.png: PSNR 25.4530  SSIM 0.8323
2022-09-09 14:49:43 |[091]test.py     | img_015.png: PSNR 27.3697  SSIM 0.7518
2022-09-09 14:49:44 |[091]test.py     | img_016.png: PSNR 32.6586  SSIM 0.9154
2022-09-09 14:49:45 |[091]test.py     | img_017.png: PSNR 27.2075  SSIM 0.8818
2022-09-09 14:49:45 |[091]test.py     | img_018.png: PSNR 25.1015  SSIM 0.7001
2022-09-09 14:49:46 |[091]test.py     | img_019.png: PSNR 26.4972  SSIM 0.8750
2022-09-09 14:49:47 |[091]test.py     | img_020.png: PSNR 23.8574  SSIM 0.8055
2022-09-09 14:49:48 |[091]test.py     | img_021.png: PSNR 28.9050  SSIM 0.7682
2022-09-09 14:49:49 |[091]test.py     | img_022.png: PSNR 26.4052  SSIM 0.8061
2022-09-09 14:49:50 |[091]test.py     | img_023.png: PSNR 29.8241  SSIM 0.9113
2022-09-09 14:49:50 |[091]test.py     | img_024.png: PSNR 27.1093  SSIM 0.9143
2022-09-09 14:49:51 |[091]test.py     | img_025.png: PSNR 31.9691  SSIM 0.8772
2022-09-09 14:49:52 |[091]test.py     | img_026.png: PSNR 29.6621  SSIM 0.7568
2022-09-09 14:49:52 |[091]test.py     | img_027.png: PSNR 28.8594  SSIM 0.8237
2022-09-09 14:49:53 |[091]test.py     | img_028.png: PSNR 31.5488  SSIM 0.8706
2022-09-09 14:49:54 |[091]test.py     | img_029.png: PSNR 28.4488  SSIM 0.8763
2022-09-09 14:49:54 |[091]test.py     | img_030.png: PSNR 26.9800  SSIM 0.8942
2022-09-09 14:49:55 |[091]test.py     | img_031.png: PSNR 25.0036  SSIM 0.8248
2022-09-09 14:49:56 |[091]test.py     | img_032.png: PSNR 29.5346  SSIM 0.8782
2022-09-09 14:49:56 |[091]test.py     | img_033.png: PSNR 29.4038  SSIM 0.8474
2022-09-09 14:49:57 |[091]test.py     | img_034.png: PSNR 24.0999  SSIM 0.6970
2022-09-09 14:49:57 |[091]test.py     | img_035.png: PSNR 29.7097  SSIM 0.8927
2022-09-09 14:49:58 |[091]test.py     | img_036.png: PSNR 29.6319  SSIM 0.8730
2022-09-09 14:49:59 |[091]test.py     | img_037.png: PSNR 25.8801  SSIM 0.7878
2022-09-09 14:50:00 |[091]test.py     | img_038.png: PSNR 27.2923  SSIM 0.7232
2022-09-09 14:50:00 |[091]test.py     | img_039.png: PSNR 26.6403  SSIM 0.8871
2022-09-09 14:50:01 |[091]test.py     | img_040.png: PSNR 31.5080  SSIM 0.9593
2022-09-09 14:50:01 |[091]test.py     | img_041.png: PSNR 27.0213  SSIM 0.8855
2022-09-09 14:50:02 |[091]test.py     | img_042.png: PSNR 30.1788  SSIM 0.9100
2022-09-09 14:50:03 |[091]test.py     | img_043.png: PSNR 31.2904  SSIM 0.8828
2022-09-09 14:50:03 |[091]test.py     | img_044.png: PSNR 31.4755  SSIM 0.9148
2022-09-09 14:50:04 |[091]test.py     | img_045.png: PSNR 29.0541  SSIM 0.9248
2022-09-09 14:50:05 |[091]test.py     | img_046.png: PSNR 27.7079  SSIM 0.8985
2022-09-09 14:50:05 |[091]test.py     | img_047.png: PSNR 25.5053  SSIM 0.8921
2022-09-09 14:50:06 |[091]test.py     | img_048.png: PSNR 24.8565  SSIM 0.9266
2022-09-09 14:50:07 |[091]test.py     | img_049.png: PSNR 25.6729  SSIM 0.8297
2022-09-09 14:50:07 |[091]test.py     | img_050.png: PSNR 25.5211  SSIM 0.7990
2022-09-09 14:50:08 |[091]test.py     | img_051.png: PSNR 27.1898  SSIM 0.8446
2022-09-09 14:50:08 |[091]test.py     | img_052.png: PSNR 30.7977  SSIM 0.9254
2022-09-09 14:50:09 |[091]test.py     | img_053.png: PSNR 25.0453  SSIM 0.8464
2022-09-09 14:50:10 |[091]test.py     | img_054.png: PSNR 24.1552  SSIM 0.8173
2022-09-09 14:50:10 |[091]test.py     | img_055.png: PSNR 32.5100  SSIM 0.9254
2022-09-09 14:50:11 |[091]test.py     | img_056.png: PSNR 26.5429  SSIM 0.8465
2022-09-09 14:50:12 |[091]test.py     | img_057.png: PSNR 29.0968  SSIM 0.8422
2022-09-09 14:50:12 |[091]test.py     | img_058.png: PSNR 28.4604  SSIM 0.9201
2022-09-09 14:50:13 |[091]test.py     | img_059.png: PSNR 29.4637  SSIM 0.8674
2022-09-09 14:50:14 |[091]test.py     | img_060.png: PSNR 24.9721  SSIM 0.7857
2022-09-09 14:50:14 |[091]test.py     | img_061.png: PSNR 26.7810  SSIM 0.8675
2022-09-09 14:50:15 |[091]test.py     | img_062.png: PSNR 27.1921  SSIM 0.8984
2022-09-09 14:50:16 |[091]test.py     | img_063.png: PSNR 24.0295  SSIM 0.6666
2022-09-09 14:50:16 |[091]test.py     | img_064.png: PSNR 27.5804  SSIM 0.8400
2022-09-09 14:50:17 |[091]test.py     | img_065.png: PSNR 27.3463  SSIM 0.8496
2022-09-09 14:50:18 |[091]test.py     | img_066.png: PSNR 25.5502  SSIM 0.7628
2022-09-09 14:50:18 |[091]test.py     | img_067.png: PSNR 30.2705  SSIM 0.9575
2022-09-09 14:50:19 |[091]test.py     | img_068.png: PSNR 30.4014  SSIM 0.8952
2022-09-09 14:50:20 |[091]test.py     | img_069.png: PSNR 26.1921  SSIM 0.8244
2022-09-09 14:50:21 |[091]test.py     | img_070.png: PSNR 23.6697  SSIM 0.7450
2022-09-09 14:50:22 |[091]test.py     | img_071.png: PSNR 27.3899  SSIM 0.6592
2022-09-09 14:50:22 |[091]test.py     | img_072.png: PSNR 25.7507  SSIM 0.9396
2022-09-09 14:50:23 |[091]test.py     | img_073.png: PSNR 23.1596  SSIM 0.7737
2022-09-09 14:50:24 |[091]test.py     | img_074.png: PSNR 26.6840  SSIM 0.8861
2022-09-09 14:50:24 |[091]test.py     | img_075.png: PSNR 31.8333  SSIM 0.8680
2022-09-09 14:50:25 |[091]test.py     | img_076.png: PSNR 25.8314  SSIM 0.8493
2022-09-09 14:50:26 |[091]test.py     | img_077.png: PSNR 23.9994  SSIM 0.7706
2022-09-09 14:50:26 |[091]test.py     | img_078.png: PSNR 28.8458  SSIM 0.7931
2022-09-09 14:50:27 |[091]test.py     | img_079.png: PSNR 26.3205  SSIM 0.7633
2022-09-09 14:50:28 |[091]test.py     | img_080.png: PSNR 33.6294  SSIM 0.9265
2022-09-09 14:50:29 |[091]test.py     | img_081.png: PSNR 34.7081  SSIM 0.9355
2022-09-09 14:50:30 |[091]test.py     | img_082.png: PSNR 32.4507  SSIM 0.9243
2022-09-09 14:50:31 |[091]test.py     | img_083.png: PSNR 25.1675  SSIM 0.8373
2022-09-09 14:50:32 |[091]test.py     | img_084.png: PSNR 27.8559  SSIM 0.7920
2022-09-09 14:50:32 |[091]test.py     | img_085.png: PSNR 29.3603  SSIM 0.9239
2022-09-09 14:50:33 |[091]test.py     | img_086.png: PSNR 30.4777  SSIM 0.8863
2022-09-09 14:50:34 |[091]test.py     | img_087.png: PSNR 30.3446  SSIM 0.9117
2022-09-09 14:50:35 |[091]test.py     | img_088.png: PSNR 22.4877  SSIM 0.7626
2022-09-09 14:50:35 |[091]test.py     | img_089.png: PSNR 26.5075  SSIM 0.7748
2022-09-09 14:50:36 |[091]test.py     | img_090.png: PSNR 35.0496  SSIM 0.9567
2022-09-09 14:50:37 |[091]test.py     | img_091.png: PSNR 24.1770  SSIM 0.7389
2022-09-09 14:50:37 |[091]test.py     | img_092.png: PSNR 25.4599  SSIM 0.8449
2022-09-09 14:50:38 |[091]test.py     | img_093.png: PSNR 31.0427  SSIM 0.9161
2022-09-09 14:50:39 |[091]test.py     | img_094.png: PSNR 28.1112  SSIM 0.8039
2022-09-09 14:50:39 |[091]test.py     | img_095.png: PSNR 22.4020  SSIM 0.6944
2022-09-09 14:50:40 |[091]test.py     | img_096.png: PSNR 29.3872  SSIM 0.9384
2022-09-09 14:50:41 |[091]test.py     | img_097.png: PSNR 26.5697  SSIM 0.8459
2022-09-09 14:50:41 |[091]test.py     | img_098.png: PSNR 23.3126  SSIM 0.7495
2022-09-09 14:50:42 |[091]test.py     | img_099.png: PSNR 27.7888  SSIM 0.8568
2022-09-09 14:50:43 |[091]test.py     | img_100.png: PSNR 27.9835  SSIM 0.8294
2022-09-09 14:50:43 |[102]test.py     | 
PSNR on test data 27.847122, SSIM on test data 0.846034
2022-09-09 14:50:43 |[103]test.py     | Finish!

